=================================================================
==4179==ERROR: AddressSanitizer: stack-buffer-overflow on address 0x7ffea60f96b8 at pc 0x000000400a14 bp 0x7ffea60f9600 sp 0x7ffea60f95f0
READ of size 4 at 0x7ffea60f96b8 thread T0
    #0 0x400a13 in partition(int*, int, int) /home/student/ee355/lab7/BrokenASan.cpp:5
    #1 0x400d63 in quickSort(int*, int, int) /home/student/ee355/lab7/BrokenASan.cpp:30
    #2 0x400f04 in main /home/student/ee355/lab7/BrokenASan.cpp:50
    #3 0x7f92d660b82f in __libc_start_main (/lib/x86_64-linux-gnu/libc.so.6+0x2082f)
    #4 0x4008e8 in _start (/home/student/ee355/lab7/a.out+0x4008e8)

Address 0x7ffea60f96b8 is located in stack of thread T0 at offset 56 in frame
    #0 0x400e37 in main /home/student/ee355/lab7/BrokenASan.cpp:47

  This frame has 1 object(s):
    [32, 56) 'arr' <== Memory access at offset 56 overflows this variable
HINT: this may be a false positive if your program uses some custom stack unwind mechanism or swapcontext
      (longjmp and C++ exceptions *are* supported)
SUMMARY: AddressSanitizer: stack-buffer-overflow /home/student/ee355/lab7/BrokenASan.cpp:5 partition(int*, int, int)
Shadow bytes around the buggy address:
  0x100054c17280: 00 00 00 00 00 00 00 00 00 00 00 00 00 00 00 00
  0x100054c17290: 00 00 00 00 00 00 00 00 00 00 00 00 00 00 00 00
  0x100054c172a0: 00 00 00 00 00 00 00 00 00 00 00 00 00 00 00 00
  0x100054c172b0: 00 00 00 00 00 00 00 00 00 00 00 00 00 00 00 00
  0x100054c172c0: 00 00 00 00 00 00 00 00 00 00 00 00 00 00 00 00
=>0x100054c172d0: f1 f1 f1 f1 00 00 00[f4]f3 f3 f3 f3 00 00 00 00
  0x100054c172e0: 00 00 00 00 00 00 00 00 00 00 00 00 00 00 00 00
  0x100054c172f0: 00 00 00 00 00 00 00 00 00 00 00 00 00 00 00 00
  0x100054c17300: 00 00 00 00 00 00 00 00 00 00 00 00 00 00 00 00
  0x100054c17310: 00 00 00 00 00 00 00 00 00 00 00 00 00 00 00 00
  0x100054c17320: 00 00 00 00 00 00 00 00 00 00 00 00 00 00 00 00
Shadow byte legend (one shadow byte represents 8 application bytes):
  Addressable:           00
  Partially addressable: 01 02 03 04 05 06 07 
  Heap left redzone:       fa
  Heap right redzone:      fb
  Freed heap region:       fd
  Stack left redzone:      f1
  Stack mid redzone:       f2
  Stack right redzone:     f3
  Stack partial redzone:   f4
  Stack after return:      f5
  Stack use after scope:   f8
  Global redzone:          f9
  Global init order:       f6
  Poisoned by user:        f7
  Container overflow:      fc
  Array cookie:            ac
  Intra object redzone:    bb
  ASan internal:           fe
==4179==ABORTING

